[INFO  - 2014-09-20T21:51:33.936Z] GhostDriver - Main - running on port 42400
[INFO  - 2014-09-20T21:51:34.409Z] Session [49f54350-4110-11e4-af84-71f3a89ca8f5] - page.settings - {"XSSAuditingEnabled":false,"javascriptCanCloseWindows":true,"javascriptCanOpenWindows":true,"javascriptEnabled":true,"loadImages":true,"localToRemoteUrlAccessEnabled":false,"userAgent":"Mozilla/5.0 (Windows NT 6.2; WOW64) AppleWebKit/534.34 (KHTML, like Gecko) PhantomJS/1.9.7 Safari/534.34","webSecurityEnabled":true}
[INFO  - 2014-09-20T21:51:34.409Z] Session [49f54350-4110-11e4-af84-71f3a89ca8f5] - page.customHeaders:  - {}
[INFO  - 2014-09-20T21:51:34.409Z] Session [49f54350-4110-11e4-af84-71f3a89ca8f5] - Session.negotiatedCapabilities - {"browserName":"phantomjs","version":"1.9.7","driverName":"ghostdriver","driverVersion":"1.1.0","platform":"windows-8-32bit","javascriptEnabled":true,"takesScreenshot":true,"handlesAlerts":false,"databaseEnabled":false,"locationContextEnabled":false,"applicationCacheEnabled":false,"browserConnectionEnabled":false,"cssSelectorsEnabled":true,"webStorageEnabled":false,"rotatable":false,"acceptSslCerts":false,"nativeEvents":true,"proxy":{"proxyType":"direct"}}
[INFO  - 2014-09-20T21:51:34.409Z] SessionManagerReqHand - _postNewSessionCommand - New Session Created: 49f54350-4110-11e4-af84-71f3a89ca8f5
[ERROR - 2014-09-20T21:51:38.902Z] WebElementLocator - _handleLocateCommand - Element(s) NOT Found: GAVE UP. Search Stop Time: 1411249898854
[INFO  - 2014-09-20T21:51:39.125Z] ShutdownReqHand - _handle - About to shutdown
[INFO  - 2014-09-20T21:51:40.555Z] GhostDriver - Main - running on port 5471
[INFO  - 2014-09-20T21:51:41.189Z] Session [4dffcf10-4110-11e4-b55e-f5885e35d8f1] - page.settings - {"XSSAuditingEnabled":false,"javascriptCanCloseWindows":true,"javascriptCanOpenWindows":true,"javascriptEnabled":true,"loadImages":true,"localToRemoteUrlAccessEnabled":false,"userAgent":"Mozilla/5.0 (Windows NT 6.2; WOW64) AppleWebKit/534.34 (KHTML, like Gecko) PhantomJS/1.9.7 Safari/534.34","webSecurityEnabled":true}
[INFO  - 2014-09-20T21:51:41.189Z] Session [4dffcf10-4110-11e4-b55e-f5885e35d8f1] - page.customHeaders:  - {}
[INFO  - 2014-09-20T21:51:41.189Z] Session [4dffcf10-4110-11e4-b55e-f5885e35d8f1] - Session.negotiatedCapabilities - {"browserName":"phantomjs","version":"1.9.7","driverName":"ghostdriver","driverVersion":"1.1.0","platform":"windows-8-32bit","javascriptEnabled":true,"takesScreenshot":true,"handlesAlerts":false,"databaseEnabled":false,"locationContextEnabled":false,"applicationCacheEnabled":false,"browserConnectionEnabled":false,"cssSelectorsEnabled":true,"webStorageEnabled":false,"rotatable":false,"acceptSslCerts":false,"nativeEvents":true,"proxy":{"proxyType":"direct"}}
[INFO  - 2014-09-20T21:51:41.189Z] SessionManagerReqHand - _postNewSessionCommand - New Session Created: 4dffcf10-4110-11e4-b55e-f5885e35d8f1
[ERROR - 2014-09-20T21:51:46.915Z] WebElementLocator - _handleLocateCommand - Element(s) NOT Found: GAVE UP. Search Stop Time: 1411249906907
[INFO  - 2014-09-20T21:51:47.083Z] ShutdownReqHand - _handle - About to shutdown
[INFO  - 2014-09-20T21:51:48.512Z] GhostDriver - Main - running on port 45422
[INFO  - 2014-09-20T21:51:49.148Z] Session [52be4180-4110-11e4-ac45-8d7e58dddbf9] - page.settings - {"XSSAuditingEnabled":false,"javascriptCanCloseWindows":true,"javascriptCanOpenWindows":true,"javascriptEnabled":true,"loadImages":true,"localToRemoteUrlAccessEnabled":false,"userAgent":"Mozilla/5.0 (Windows NT 6.2; WOW64) AppleWebKit/534.34 (KHTML, like Gecko) PhantomJS/1.9.7 Safari/534.34","webSecurityEnabled":true}
[INFO  - 2014-09-20T21:51:49.148Z] Session [52be4180-4110-11e4-ac45-8d7e58dddbf9] - page.customHeaders:  - {}
[INFO  - 2014-09-20T21:51:49.148Z] Session [52be4180-4110-11e4-ac45-8d7e58dddbf9] - Session.negotiatedCapabilities - {"browserName":"phantomjs","version":"1.9.7","driverName":"ghostdriver","driverVersion":"1.1.0","platform":"windows-8-32bit","javascriptEnabled":true,"takesScreenshot":true,"handlesAlerts":false,"databaseEnabled":false,"locationContextEnabled":false,"applicationCacheEnabled":false,"browserConnectionEnabled":false,"cssSelectorsEnabled":true,"webStorageEnabled":false,"rotatable":false,"acceptSslCerts":false,"nativeEvents":true,"proxy":{"proxyType":"direct"}}
[INFO  - 2014-09-20T21:51:49.148Z] SessionManagerReqHand - _postNewSessionCommand - New Session Created: 52be4180-4110-11e4-ac45-8d7e58dddbf9
[ERROR - 2014-09-20T21:51:54.558Z] WebElementLocator - _handleLocateCommand - Element(s) NOT Found: GAVE UP. Search Stop Time: 1411249914509
[INFO  - 2014-09-20T21:51:54.724Z] ShutdownReqHand - _handle - About to shutdown
[INFO  - 2014-09-20T21:53:05.322Z] GhostDriver - Main - running on port 26654
[INFO  - 2014-09-20T21:53:05.956Z] Session [80863a00-4110-11e4-8780-91b240bfa280] - page.settings - {"XSSAuditingEnabled":false,"javascriptCanCloseWindows":true,"javascriptCanOpenWindows":true,"javascriptEnabled":true,"loadImages":true,"localToRemoteUrlAccessEnabled":false,"userAgent":"Mozilla/5.0 (Windows NT 6.2; WOW64) AppleWebKit/534.34 (KHTML, like Gecko) PhantomJS/1.9.7 Safari/534.34","webSecurityEnabled":true}
[INFO  - 2014-09-20T21:53:05.956Z] Session [80863a00-4110-11e4-8780-91b240bfa280] - page.customHeaders:  - {}
[INFO  - 2014-09-20T21:53:05.956Z] Session [80863a00-4110-11e4-8780-91b240bfa280] - Session.negotiatedCapabilities - {"browserName":"phantomjs","version":"1.9.7","driverName":"ghostdriver","driverVersion":"1.1.0","platform":"windows-8-32bit","javascriptEnabled":true,"takesScreenshot":true,"handlesAlerts":false,"databaseEnabled":false,"locationContextEnabled":false,"applicationCacheEnabled":false,"browserConnectionEnabled":false,"cssSelectorsEnabled":true,"webStorageEnabled":false,"rotatable":false,"acceptSslCerts":false,"nativeEvents":true,"proxy":{"proxyType":"direct"}}
[INFO  - 2014-09-20T21:53:05.956Z] SessionManagerReqHand - _postNewSessionCommand - New Session Created: 80863a00-4110-11e4-8780-91b240bfa280
[ERROR - 2014-09-20T21:53:11.074Z] WebElementLocator - _handleLocateCommand - Element(s) NOT Found: GAVE UP. Search Stop Time: 1411249991016
[INFO  - 2014-09-20T21:53:11.272Z] ShutdownReqHand - _handle - About to shutdown
[INFO  - 2014-09-20T21:53:12.699Z] GhostDriver - Main - running on port 24704
[INFO  - 2014-09-20T21:53:12.826Z] Session [849ea870-4110-11e4-b737-dbbf24aa393f] - page.settings - {"XSSAuditingEnabled":false,"javascriptCanCloseWindows":true,"javascriptCanOpenWindows":true,"javascriptEnabled":true,"loadImages":true,"localToRemoteUrlAccessEnabled":false,"userAgent":"Mozilla/5.0 (Windows NT 6.2; WOW64) AppleWebKit/534.34 (KHTML, like Gecko) PhantomJS/1.9.7 Safari/534.34","webSecurityEnabled":true}
[INFO  - 2014-09-20T21:53:12.826Z] Session [849ea870-4110-11e4-b737-dbbf24aa393f] - page.customHeaders:  - {}
[INFO  - 2014-09-20T21:53:12.826Z] Session [849ea870-4110-11e4-b737-dbbf24aa393f] - Session.negotiatedCapabilities - {"browserName":"phantomjs","version":"1.9.7","driverName":"ghostdriver","driverVersion":"1.1.0","platform":"windows-8-32bit","javascriptEnabled":true,"takesScreenshot":true,"handlesAlerts":false,"databaseEnabled":false,"locationContextEnabled":false,"applicationCacheEnabled":false,"browserConnectionEnabled":false,"cssSelectorsEnabled":true,"webStorageEnabled":false,"rotatable":false,"acceptSslCerts":false,"nativeEvents":true,"proxy":{"proxyType":"direct"}}
[INFO  - 2014-09-20T21:53:12.826Z] SessionManagerReqHand - _postNewSessionCommand - New Session Created: 849ea870-4110-11e4-b737-dbbf24aa393f
[ERROR - 2014-09-20T21:53:18.243Z] WebElementLocator - _handleLocateCommand - Element(s) NOT Found: GAVE UP. Search Stop Time: 1411249998185
[INFO  - 2014-09-20T21:53:18.410Z] ShutdownReqHand - _handle - About to shutdown
[INFO  - 2014-09-20T21:53:19.840Z] GhostDriver - Main - running on port 13520
[INFO  - 2014-09-20T21:53:20.475Z] Session [892dcd80-4110-11e4-a8ab-fb522694da6a] - page.settings - {"XSSAuditingEnabled":false,"javascriptCanCloseWindows":true,"javascriptCanOpenWindows":true,"javascriptEnabled":true,"loadImages":true,"localToRemoteUrlAccessEnabled":false,"userAgent":"Mozilla/5.0 (Windows NT 6.2; WOW64) AppleWebKit/534.34 (KHTML, like Gecko) PhantomJS/1.9.7 Safari/534.34","webSecurityEnabled":true}
[INFO  - 2014-09-20T21:53:20.475Z] Session [892dcd80-4110-11e4-a8ab-fb522694da6a] - page.customHeaders:  - {}
[INFO  - 2014-09-20T21:53:20.476Z] Session [892dcd80-4110-11e4-a8ab-fb522694da6a] - Session.negotiatedCapabilities - {"browserName":"phantomjs","version":"1.9.7","driverName":"ghostdriver","driverVersion":"1.1.0","platform":"windows-8-32bit","javascriptEnabled":true,"takesScreenshot":true,"handlesAlerts":false,"databaseEnabled":false,"locationContextEnabled":false,"applicationCacheEnabled":false,"browserConnectionEnabled":false,"cssSelectorsEnabled":true,"webStorageEnabled":false,"rotatable":false,"acceptSslCerts":false,"nativeEvents":true,"proxy":{"proxyType":"direct"}}
[INFO  - 2014-09-20T21:53:20.476Z] SessionManagerReqHand - _postNewSessionCommand - New Session Created: 892dcd80-4110-11e4-a8ab-fb522694da6a
[ERROR - 2014-09-20T21:53:24.573Z] WebElementLocator - _handleLocateCommand - Element(s) NOT Found: GAVE UP. Search Stop Time: 1411250004524
[INFO  - 2014-09-20T21:53:24.739Z] ShutdownReqHand - _handle - About to shutdown
[INFO  - 2014-09-21T01:21:40.036Z] GhostDriver - Main - running on port 25084
[INFO  - 2014-09-21T01:21:40.453Z] Session [a3beed10-412d-11e4-bb7c-1bf54fecbef9] - page.settings - {"XSSAuditingEnabled":false,"javascriptCanCloseWindows":true,"javascriptCanOpenWindows":true,"javascriptEnabled":true,"loadImages":true,"localToRemoteUrlAccessEnabled":false,"userAgent":"Mozilla/5.0 (Windows NT 6.2; WOW64) AppleWebKit/534.34 (KHTML, like Gecko) PhantomJS/1.9.7 Safari/534.34","webSecurityEnabled":true}
[INFO  - 2014-09-21T01:21:40.453Z] Session [a3beed10-412d-11e4-bb7c-1bf54fecbef9] - page.customHeaders:  - {}
[INFO  - 2014-09-21T01:21:40.453Z] Session [a3beed10-412d-11e4-bb7c-1bf54fecbef9] - Session.negotiatedCapabilities - {"browserName":"phantomjs","version":"1.9.7","driverName":"ghostdriver","driverVersion":"1.1.0","platform":"windows-8-32bit","javascriptEnabled":true,"takesScreenshot":true,"handlesAlerts":false,"databaseEnabled":false,"locationContextEnabled":false,"applicationCacheEnabled":false,"browserConnectionEnabled":false,"cssSelectorsEnabled":true,"webStorageEnabled":false,"rotatable":false,"acceptSslCerts":false,"nativeEvents":true,"proxy":{"proxyType":"direct"}}
[INFO  - 2014-09-21T01:21:40.453Z] SessionManagerReqHand - _postNewSessionCommand - New Session Created: a3beed10-412d-11e4-bb7c-1bf54fecbef9
[ERROR - 2014-09-21T01:21:45.905Z] WebElementLocator - _handleLocateCommand - Element(s) NOT Found: GAVE UP. Search Stop Time: 1411262505844
[INFO  - 2014-09-21T01:21:46.135Z] ShutdownReqHand - _handle - About to shutdown
[INFO  - 2014-09-21T01:21:47.571Z] GhostDriver - Main - running on port 48318
[INFO  - 2014-09-21T01:21:48.202Z] Session [a85d5460-412d-11e4-b67c-35b15a984143] - page.settings - {"XSSAuditingEnabled":false,"javascriptCanCloseWindows":true,"javascriptCanOpenWindows":true,"javascriptEnabled":true,"loadImages":true,"localToRemoteUrlAccessEnabled":false,"userAgent":"Mozilla/5.0 (Windows NT 6.2; WOW64) AppleWebKit/534.34 (KHTML, like Gecko) PhantomJS/1.9.7 Safari/534.34","webSecurityEnabled":true}
[INFO  - 2014-09-21T01:21:48.203Z] Session [a85d5460-412d-11e4-b67c-35b15a984143] - page.customHeaders:  - {}
[INFO  - 2014-09-21T01:21:48.203Z] Session [a85d5460-412d-11e4-b67c-35b15a984143] - Session.negotiatedCapabilities - {"browserName":"phantomjs","version":"1.9.7","driverName":"ghostdriver","driverVersion":"1.1.0","platform":"windows-8-32bit","javascriptEnabled":true,"takesScreenshot":true,"handlesAlerts":false,"databaseEnabled":false,"locationContextEnabled":false,"applicationCacheEnabled":false,"browserConnectionEnabled":false,"cssSelectorsEnabled":true,"webStorageEnabled":false,"rotatable":false,"acceptSslCerts":false,"nativeEvents":true,"proxy":{"proxyType":"direct"}}
[INFO  - 2014-09-21T01:21:48.203Z] SessionManagerReqHand - _postNewSessionCommand - New Session Created: a85d5460-412d-11e4-b67c-35b15a984143
[ERROR - 2014-09-21T01:21:53.874Z] WebElementLocator - _handleLocateCommand - Element(s) NOT Found: GAVE UP. Search Stop Time: 1411262513814
[INFO  - 2014-09-21T01:21:54.049Z] ShutdownReqHand - _handle - About to shutdown
[INFO  - 2014-09-21T01:21:55.478Z] GhostDriver - Main - running on port 25081
[INFO  - 2014-09-21T01:21:56.111Z] Session [ad144cc0-412d-11e4-9b87-cde286461b80] - page.settings - {"XSSAuditingEnabled":false,"javascriptCanCloseWindows":true,"javascriptCanOpenWindows":true,"javascriptEnabled":true,"loadImages":true,"localToRemoteUrlAccessEnabled":false,"userAgent":"Mozilla/5.0 (Windows NT 6.2; WOW64) AppleWebKit/534.34 (KHTML, like Gecko) PhantomJS/1.9.7 Safari/534.34","webSecurityEnabled":true}
[INFO  - 2014-09-21T01:21:56.112Z] Session [ad144cc0-412d-11e4-9b87-cde286461b80] - page.customHeaders:  - {}
[INFO  - 2014-09-21T01:21:56.112Z] Session [ad144cc0-412d-11e4-9b87-cde286461b80] - Session.negotiatedCapabilities - {"browserName":"phantomjs","version":"1.9.7","driverName":"ghostdriver","driverVersion":"1.1.0","platform":"windows-8-32bit","javascriptEnabled":true,"takesScreenshot":true,"handlesAlerts":false,"databaseEnabled":false,"locationContextEnabled":false,"applicationCacheEnabled":false,"browserConnectionEnabled":false,"cssSelectorsEnabled":true,"webStorageEnabled":false,"rotatable":false,"acceptSslCerts":false,"nativeEvents":true,"proxy":{"proxyType":"direct"}}
[INFO  - 2014-09-21T01:21:56.112Z] SessionManagerReqHand - _postNewSessionCommand - New Session Created: ad144cc0-412d-11e4-9b87-cde286461b80
[ERROR - 2014-09-21T01:22:01.325Z] WebElementLocator - _handleLocateCommand - Element(s) NOT Found: GAVE UP. Search Stop Time: 1411262521262
[INFO  - 2014-09-21T01:22:01.494Z] ShutdownReqHand - _handle - About to shutdown
[INFO  - 2014-09-21T01:37:06.694Z] GhostDriver - Main - running on port 26967
[INFO  - 2014-09-21T01:37:06.865Z] Session [cbee54e0-412f-11e4-a2c7-53c3f611c6e0] - page.settings - {"XSSAuditingEnabled":false,"javascriptCanCloseWindows":true,"javascriptCanOpenWindows":true,"javascriptEnabled":true,"loadImages":true,"localToRemoteUrlAccessEnabled":false,"userAgent":"Mozilla/5.0 (Windows NT 6.2; WOW64) AppleWebKit/534.34 (KHTML, like Gecko) PhantomJS/1.9.7 Safari/534.34","webSecurityEnabled":true}
[INFO  - 2014-09-21T01:37:06.866Z] Session [cbee54e0-412f-11e4-a2c7-53c3f611c6e0] - page.customHeaders:  - {}
[INFO  - 2014-09-21T01:37:06.866Z] Session [cbee54e0-412f-11e4-a2c7-53c3f611c6e0] - Session.negotiatedCapabilities - {"browserName":"phantomjs","version":"1.9.7","driverName":"ghostdriver","driverVersion":"1.1.0","platform":"windows-8-32bit","javascriptEnabled":true,"takesScreenshot":true,"handlesAlerts":false,"databaseEnabled":false,"locationContextEnabled":false,"applicationCacheEnabled":false,"browserConnectionEnabled":false,"cssSelectorsEnabled":true,"webStorageEnabled":false,"rotatable":false,"acceptSslCerts":false,"nativeEvents":true,"proxy":{"proxyType":"direct"}}
[INFO  - 2014-09-21T01:37:06.866Z] SessionManagerReqHand - _postNewSessionCommand - New Session Created: cbee54e0-412f-11e4-a2c7-53c3f611c6e0
[INFO  - 2014-09-21T01:49:11.436Z] GhostDriver - Main - running on port 41231
[INFO  - 2014-09-21T01:49:11.637Z] Session [7bedc320-4131-11e4-b05a-118ba51217dc] - page.settings - {"XSSAuditingEnabled":false,"javascriptCanCloseWindows":true,"javascriptCanOpenWindows":true,"javascriptEnabled":true,"loadImages":true,"localToRemoteUrlAccessEnabled":false,"userAgent":"Mozilla/5.0 (Windows NT 6.2; WOW64) AppleWebKit/534.34 (KHTML, like Gecko) PhantomJS/1.9.7 Safari/534.34","webSecurityEnabled":true}
[INFO  - 2014-09-21T01:49:11.637Z] Session [7bedc320-4131-11e4-b05a-118ba51217dc] - page.customHeaders:  - {}
[INFO  - 2014-09-21T01:49:11.637Z] Session [7bedc320-4131-11e4-b05a-118ba51217dc] - Session.negotiatedCapabilities - {"browserName":"phantomjs","version":"1.9.7","driverName":"ghostdriver","driverVersion":"1.1.0","platform":"windows-8-32bit","javascriptEnabled":true,"takesScreenshot":true,"handlesAlerts":false,"databaseEnabled":false,"locationContextEnabled":false,"applicationCacheEnabled":false,"browserConnectionEnabled":false,"cssSelectorsEnabled":true,"webStorageEnabled":false,"rotatable":false,"acceptSslCerts":false,"nativeEvents":true,"proxy":{"proxyType":"direct"}}
[INFO  - 2014-09-21T01:49:11.638Z] SessionManagerReqHand - _postNewSessionCommand - New Session Created: 7bedc320-4131-11e4-b05a-118ba51217dc
[ERROR - 2014-09-21T01:49:16.401Z] WebElementLocator - _handleLocateCommand - Element(s) NOT Found: GAVE UP. Search Stop Time: 1411264156386
[INFO  - 2014-09-21T01:49:16.626Z] ShutdownReqHand - _handle - About to shutdown
[INFO  - 2014-09-21T01:49:18.050Z] GhostDriver - Main - running on port 16111
[INFO  - 2014-09-21T01:49:18.702Z] Session [8023a4a0-4131-11e4-bfab-2df8357b4955] - page.settings - {"XSSAuditingEnabled":false,"javascriptCanCloseWindows":true,"javascriptCanOpenWindows":true,"javascriptEnabled":true,"loadImages":true,"localToRemoteUrlAccessEnabled":false,"userAgent":"Mozilla/5.0 (Windows NT 6.2; WOW64) AppleWebKit/534.34 (KHTML, like Gecko) PhantomJS/1.9.7 Safari/534.34","webSecurityEnabled":true}
[INFO  - 2014-09-21T01:49:18.702Z] Session [8023a4a0-4131-11e4-bfab-2df8357b4955] - page.customHeaders:  - {}
[INFO  - 2014-09-21T01:49:18.702Z] Session [8023a4a0-4131-11e4-bfab-2df8357b4955] - Session.negotiatedCapabilities - {"browserName":"phantomjs","version":"1.9.7","driverName":"ghostdriver","driverVersion":"1.1.0","platform":"windows-8-32bit","javascriptEnabled":true,"takesScreenshot":true,"handlesAlerts":false,"databaseEnabled":false,"locationContextEnabled":false,"applicationCacheEnabled":false,"browserConnectionEnabled":false,"cssSelectorsEnabled":true,"webStorageEnabled":false,"rotatable":false,"acceptSslCerts":false,"nativeEvents":true,"proxy":{"proxyType":"direct"}}
[INFO  - 2014-09-21T01:49:18.702Z] SessionManagerReqHand - _postNewSessionCommand - New Session Created: 8023a4a0-4131-11e4-bfab-2df8357b4955
[ERROR - 2014-09-21T01:49:24.229Z] WebElementLocator - _handleLocateCommand - Element(s) NOT Found: GAVE UP. Search Stop Time: 1411264164168
[INFO  - 2014-09-21T01:49:24.396Z] ShutdownReqHand - _handle - About to shutdown
[INFO  - 2014-09-21T01:49:25.820Z] GhostDriver - Main - running on port 11340
[INFO  - 2014-09-21T01:49:26.460Z] Session [84c36b80-4131-11e4-8336-5f3e8f474857] - page.settings - {"XSSAuditingEnabled":false,"javascriptCanCloseWindows":true,"javascriptCanOpenWindows":true,"javascriptEnabled":true,"loadImages":true,"localToRemoteUrlAccessEnabled":false,"userAgent":"Mozilla/5.0 (Windows NT 6.2; WOW64) AppleWebKit/534.34 (KHTML, like Gecko) PhantomJS/1.9.7 Safari/534.34","webSecurityEnabled":true}
[INFO  - 2014-09-21T01:49:26.460Z] Session [84c36b80-4131-11e4-8336-5f3e8f474857] - page.customHeaders:  - {}
[INFO  - 2014-09-21T01:49:26.460Z] Session [84c36b80-4131-11e4-8336-5f3e8f474857] - Session.negotiatedCapabilities - {"browserName":"phantomjs","version":"1.9.7","driverName":"ghostdriver","driverVersion":"1.1.0","platform":"windows-8-32bit","javascriptEnabled":true,"takesScreenshot":true,"handlesAlerts":false,"databaseEnabled":false,"locationContextEnabled":false,"applicationCacheEnabled":false,"browserConnectionEnabled":false,"cssSelectorsEnabled":true,"webStorageEnabled":false,"rotatable":false,"acceptSslCerts":false,"nativeEvents":true,"proxy":{"proxyType":"direct"}}
[INFO  - 2014-09-21T01:49:26.460Z] SessionManagerReqHand - _postNewSessionCommand - New Session Created: 84c36b80-4131-11e4-8336-5f3e8f474857
[ERROR - 2014-09-21T01:49:31.917Z] WebElementLocator - _handleLocateCommand - Element(s) NOT Found: GAVE UP. Search Stop Time: 1411264171854
[INFO  - 2014-09-21T01:49:32.086Z] ShutdownReqHand - _handle - About to shutdown
[INFO  - 2014-09-21T02:08:12.934Z] GhostDriver - Main - running on port 41564
[INFO  - 2014-09-21T02:08:13.860Z] Session [24bf2910-4134-11e4-a25f-ddb7551f9d9a] - page.settings - {"XSSAuditingEnabled":false,"javascriptCanCloseWindows":true,"javascriptCanOpenWindows":true,"javascriptEnabled":true,"loadImages":true,"localToRemoteUrlAccessEnabled":false,"userAgent":"Mozilla/5.0 (Windows NT 6.2; WOW64) AppleWebKit/534.34 (KHTML, like Gecko) PhantomJS/1.9.7 Safari/534.34","webSecurityEnabled":true}
[INFO  - 2014-09-21T02:08:13.860Z] Session [24bf2910-4134-11e4-a25f-ddb7551f9d9a] - page.customHeaders:  - {}
[INFO  - 2014-09-21T02:08:13.861Z] Session [24bf2910-4134-11e4-a25f-ddb7551f9d9a] - Session.negotiatedCapabilities - {"browserName":"phantomjs","version":"1.9.7","driverName":"ghostdriver","driverVersion":"1.1.0","platform":"windows-8-32bit","javascriptEnabled":true,"takesScreenshot":true,"handlesAlerts":false,"databaseEnabled":false,"locationContextEnabled":false,"applicationCacheEnabled":false,"browserConnectionEnabled":false,"cssSelectorsEnabled":true,"webStorageEnabled":false,"rotatable":false,"acceptSslCerts":false,"nativeEvents":true,"proxy":{"proxyType":"direct"}}
[INFO  - 2014-09-21T02:08:13.861Z] SessionManagerReqHand - _postNewSessionCommand - New Session Created: 24bf2910-4134-11e4-a25f-ddb7551f9d9a
[ERROR - 2014-09-21T02:08:19.728Z] WebElementLocator - _handleLocateCommand - Element(s) NOT Found: GAVE UP. Search Stop Time: 1411265299667
[INFO  - 2014-09-21T02:08:19.951Z] ShutdownReqHand - _handle - About to shutdown
[INFO  - 2014-09-21T02:08:21.381Z] GhostDriver - Main - running on port 41501
[INFO  - 2014-09-21T02:08:22.014Z] Session [299b5cb0-4134-11e4-b72d-d7e931ebbae6] - page.settings - {"XSSAuditingEnabled":false,"javascriptCanCloseWindows":true,"javascriptCanOpenWindows":true,"javascriptEnabled":true,"loadImages":true,"localToRemoteUrlAccessEnabled":false,"userAgent":"Mozilla/5.0 (Windows NT 6.2; WOW64) AppleWebKit/534.34 (KHTML, like Gecko) PhantomJS/1.9.7 Safari/534.34","webSecurityEnabled":true}
[INFO  - 2014-09-21T02:08:22.014Z] Session [299b5cb0-4134-11e4-b72d-d7e931ebbae6] - page.customHeaders:  - {}
[INFO  - 2014-09-21T02:08:22.014Z] Session [299b5cb0-4134-11e4-b72d-d7e931ebbae6] - Session.negotiatedCapabilities - {"browserName":"phantomjs","version":"1.9.7","driverName":"ghostdriver","driverVersion":"1.1.0","platform":"windows-8-32bit","javascriptEnabled":true,"takesScreenshot":true,"handlesAlerts":false,"databaseEnabled":false,"locationContextEnabled":false,"applicationCacheEnabled":false,"browserConnectionEnabled":false,"cssSelectorsEnabled":true,"webStorageEnabled":false,"rotatable":false,"acceptSslCerts":false,"nativeEvents":true,"proxy":{"proxyType":"direct"}}
[INFO  - 2014-09-21T02:08:22.014Z] SessionManagerReqHand - _postNewSessionCommand - New Session Created: 299b5cb0-4134-11e4-b72d-d7e931ebbae6
[ERROR - 2014-09-21T02:08:26.949Z] WebElementLocator - _handleLocateCommand - Element(s) NOT Found: GAVE UP. Search Stop Time: 1411265306896
[INFO  - 2014-09-21T02:08:27.118Z] ShutdownReqHand - _handle - About to shutdown
[INFO  - 2014-09-21T02:08:28.690Z] GhostDriver - Main - running on port 3722
[INFO  - 2014-09-21T02:08:29.333Z] Session [2df80010-4134-11e4-b743-7fb7fe906076] - page.settings - {"XSSAuditingEnabled":false,"javascriptCanCloseWindows":true,"javascriptCanOpenWindows":true,"javascriptEnabled":true,"loadImages":true,"localToRemoteUrlAccessEnabled":false,"userAgent":"Mozilla/5.0 (Windows NT 6.2; WOW64) AppleWebKit/534.34 (KHTML, like Gecko) PhantomJS/1.9.7 Safari/534.34","webSecurityEnabled":true}
[INFO  - 2014-09-21T02:08:29.333Z] Session [2df80010-4134-11e4-b743-7fb7fe906076] - page.customHeaders:  - {}
[INFO  - 2014-09-21T02:08:29.333Z] Session [2df80010-4134-11e4-b743-7fb7fe906076] - Session.negotiatedCapabilities - {"browserName":"phantomjs","version":"1.9.7","driverName":"ghostdriver","driverVersion":"1.1.0","platform":"windows-8-32bit","javascriptEnabled":true,"takesScreenshot":true,"handlesAlerts":false,"databaseEnabled":false,"locationContextEnabled":false,"applicationCacheEnabled":false,"browserConnectionEnabled":false,"cssSelectorsEnabled":true,"webStorageEnabled":false,"rotatable":false,"acceptSslCerts":false,"nativeEvents":true,"proxy":{"proxyType":"direct"}}
[INFO  - 2014-09-21T02:08:29.333Z] SessionManagerReqHand - _postNewSessionCommand - New Session Created: 2df80010-4134-11e4-b743-7fb7fe906076
[ERROR - 2014-09-21T02:08:34.605Z] WebElementLocator - _handleLocateCommand - Element(s) NOT Found: GAVE UP. Search Stop Time: 1411265314543
[INFO  - 2014-09-21T02:08:34.771Z] ShutdownReqHand - _handle - About to shutdown
[INFO  - 2014-09-21T02:14:56.671Z] GhostDriver - Main - running on port 19605
[INFO  - 2014-09-21T02:14:57.577Z] Session [15617c60-4135-11e4-b79a-b75a73383ff5] - page.settings - {"XSSAuditingEnabled":false,"javascriptCanCloseWindows":true,"javascriptCanOpenWindows":true,"javascriptEnabled":true,"loadImages":true,"localToRemoteUrlAccessEnabled":false,"userAgent":"Mozilla/5.0 (Windows NT 6.2; WOW64) AppleWebKit/534.34 (KHTML, like Gecko) PhantomJS/1.9.7 Safari/534.34","webSecurityEnabled":true}
[INFO  - 2014-09-21T02:14:57.578Z] Session [15617c60-4135-11e4-b79a-b75a73383ff5] - page.customHeaders:  - {}
[INFO  - 2014-09-21T02:14:57.578Z] Session [15617c60-4135-11e4-b79a-b75a73383ff5] - Session.negotiatedCapabilities - {"browserName":"phantomjs","version":"1.9.7","driverName":"ghostdriver","driverVersion":"1.1.0","platform":"windows-8-32bit","javascriptEnabled":true,"takesScreenshot":true,"handlesAlerts":false,"databaseEnabled":false,"locationContextEnabled":false,"applicationCacheEnabled":false,"browserConnectionEnabled":false,"cssSelectorsEnabled":true,"webStorageEnabled":false,"rotatable":false,"acceptSslCerts":false,"nativeEvents":true,"proxy":{"proxyType":"direct"}}
[INFO  - 2014-09-21T02:14:57.578Z] SessionManagerReqHand - _postNewSessionCommand - New Session Created: 15617c60-4135-11e4-b79a-b75a73383ff5
[ERROR - 2014-09-21T02:15:02.600Z] WebElementLocator - _handleLocateCommand - Element(s) NOT Found: GAVE UP. Search Stop Time: 1411265702559
[INFO  - 2014-09-21T02:15:02.824Z] ShutdownReqHand - _handle - About to shutdown
[INFO  - 2014-09-21T02:15:04.282Z] GhostDriver - Main - running on port 6559
[INFO  - 2014-09-21T02:15:04.888Z] Session [19bce740-4135-11e4-8395-635c7c6e2dc3] - page.settings - {"XSSAuditingEnabled":false,"javascriptCanCloseWindows":true,"javascriptCanOpenWindows":true,"javascriptEnabled":true,"loadImages":true,"localToRemoteUrlAccessEnabled":false,"userAgent":"Mozilla/5.0 (Windows NT 6.2; WOW64) AppleWebKit/534.34 (KHTML, like Gecko) PhantomJS/1.9.7 Safari/534.34","webSecurityEnabled":true}
[INFO  - 2014-09-21T02:15:04.888Z] Session [19bce740-4135-11e4-8395-635c7c6e2dc3] - page.customHeaders:  - {}
[INFO  - 2014-09-21T02:15:04.888Z] Session [19bce740-4135-11e4-8395-635c7c6e2dc3] - Session.negotiatedCapabilities - {"browserName":"phantomjs","version":"1.9.7","driverName":"ghostdriver","driverVersion":"1.1.0","platform":"windows-8-32bit","javascriptEnabled":true,"takesScreenshot":true,"handlesAlerts":false,"databaseEnabled":false,"locationContextEnabled":false,"applicationCacheEnabled":false,"browserConnectionEnabled":false,"cssSelectorsEnabled":true,"webStorageEnabled":false,"rotatable":false,"acceptSslCerts":false,"nativeEvents":true,"proxy":{"proxyType":"direct"}}
[INFO  - 2014-09-21T02:15:04.888Z] SessionManagerReqHand - _postNewSessionCommand - New Session Created: 19bce740-4135-11e4-8395-635c7c6e2dc3
[ERROR - 2014-09-21T02:15:09.666Z] WebElementLocator - _handleLocateCommand - Element(s) NOT Found: GAVE UP. Search Stop Time: 1411265709608
[INFO  - 2014-09-21T02:15:09.836Z] ShutdownReqHand - _handle - About to shutdown
[INFO  - 2014-09-21T02:15:11.270Z] GhostDriver - Main - running on port 10162
[INFO  - 2014-09-21T02:15:11.900Z] Session [1deb0090-4135-11e4-81c4-035df473309b] - page.settings - {"XSSAuditingEnabled":false,"javascriptCanCloseWindows":true,"javascriptCanOpenWindows":true,"javascriptEnabled":true,"loadImages":true,"localToRemoteUrlAccessEnabled":false,"userAgent":"Mozilla/5.0 (Windows NT 6.2; WOW64) AppleWebKit/534.34 (KHTML, like Gecko) PhantomJS/1.9.7 Safari/534.34","webSecurityEnabled":true}
[INFO  - 2014-09-21T02:15:11.900Z] Session [1deb0090-4135-11e4-81c4-035df473309b] - page.customHeaders:  - {}
[INFO  - 2014-09-21T02:15:11.901Z] Session [1deb0090-4135-11e4-81c4-035df473309b] - Session.negotiatedCapabilities - {"browserName":"phantomjs","version":"1.9.7","driverName":"ghostdriver","driverVersion":"1.1.0","platform":"windows-8-32bit","javascriptEnabled":true,"takesScreenshot":true,"handlesAlerts":false,"databaseEnabled":false,"locationContextEnabled":false,"applicationCacheEnabled":false,"browserConnectionEnabled":false,"cssSelectorsEnabled":true,"webStorageEnabled":false,"rotatable":false,"acceptSslCerts":false,"nativeEvents":true,"proxy":{"proxyType":"direct"}}
[INFO  - 2014-09-21T02:15:11.901Z] SessionManagerReqHand - _postNewSessionCommand - New Session Created: 1deb0090-4135-11e4-81c4-035df473309b
[ERROR - 2014-09-21T02:15:15.726Z] WebElementLocator - _handleLocateCommand - Element(s) NOT Found: GAVE UP. Search Stop Time: 1411265715678
[INFO  - 2014-09-21T02:15:15.901Z] ShutdownReqHand - _handle - About to shutdown
